# JRE version: OpenJDK Runtime Environment Temurin-21.0.6+7 (21.0.6+7) (build 21.0.6+7-LTS)
# Java VM: OpenJDK 64-Bit Server VM Temurin-21.0.6+7 (21.0.6+7-LTS, mixed mode, sharing, tiered, compressed oops, compressed class ptrs, parallel gc, windows-amd64)
GC Precious Log:
 CardTable entry size: 512
 CPUs: 16 total, 16 available
 Memory: 16068M
 Large Page Support: Disabled
 NUMA Support: Disabled
 Compressed Oops: Enabled (32-bit)
 Alignments: Space 512K, Generation 512K, Heap 2M
 Heap Min Capacity: 100M
 Heap Initial Capacity: 100M
 Heap Max Capacity: 1G
 Pre-touch: Disabled
 Parallel Workers: 13
Heap:
 PSYoungGen      total 25088K, used 6252K [0x00000000eab00000, 0x00000000ece00000, 0x0000000100000000)
  eden space 20992K, 18% used [0x00000000eab00000,0x00000000eaec33e0,0x00000000ebf80000)
  from space 4096K, 58% used [0x00000000ebf80000,0x00000000ec1d8010,0x00000000ec380000)
  to   space 3072K, 0% used [0x00000000ecb00000,0x00000000ecb00000,0x00000000ece00000)
 ParOldGen       total 68608K, used 23686K [0x00000000c0000000, 0x00000000c4300000, 0x00000000eab00000)
  object space 68608K, 34% used [0x00000000c0000000,0x00000000c1721b18,0x00000000c4300000)
 Metaspace       used 39858K, committed 41088K, reserved 1114112K
  class space    used 4058K, committed 4608K, reserved 1048576K
GC Heap History (20 events):
Event: 18.700 GC heap after
{Heap after GC invocations=9 (full 1):
 PSYoungGen      total 25088K, used 914K [0x00000000eab00000, 0x00000000ec980000, 0x0000000100000000)
  eden space 24064K, 0% used [0x00000000eab00000,0x00000000eab00000,0x00000000ec280000)
  from space 1024K, 89% used [0x00000000ec880000,0x00000000ec964878,0x00000000ec980000)
  to   space 2560K, 0% used [0x00000000ec480000,0x00000000ec480000,0x00000000ec700000)
 ParOldGen       total 68608K, used 12825K [0x00000000c0000000, 0x00000000c4300000, 0x00000000eab00000)
  object space 68608K, 18% used [0x00000000c0000000,0x00000000c0c86598,0x00000000c4300000)
 Metaspace       used 22737K, committed 23744K, reserved 1114112K
  class space    used 2262K, committed 2688K, reserved 1048576K
}
Event: 19.150 GC heap before
{Heap before GC invocations=10 (full 1):
 PSYoungGen      total 25088K, used 24978K [0x00000000eab00000, 0x00000000ec980000, 0x0000000100000000)
  eden space 24064K, 100% used [0x00000000eab00000,0x00000000ec280000,0x00000000ec280000)
  from space 1024K, 89% used [0x00000000ec880000,0x00000000ec964878,0x00000000ec980000)
  to   space 2560K, 0% used [0x00000000ec480000,0x00000000ec480000,0x00000000ec700000)
 ParOldGen       total 68608K, used 12825K [0x00000000c0000000, 0x00000000c4300000, 0x00000000eab00000)
  object space 68608K, 18% used [0x00000000c0000000,0x00000000c0c86598,0x00000000c4300000)
 Metaspace       used 26400K, committed 27392K, reserved 1114112K
  class space    used 2525K, committed 2944K, reserved 1048576K
}
Event: 19.151 GC heap after
{Heap after GC invocations=10 (full 1):
 PSYoungGen      total 26112K, used 1183K [0x00000000eab00000, 0x00000000ec900000, 0x0000000100000000)
  eden space 23552K, 0% used [0x00000000eab00000,0x00000000eab00000,0x00000000ec200000)
  from space 2560K, 46% used [0x00000000ec480000,0x00000000ec5a7fa0,0x00000000ec700000)
  to   space 1536K, 0% used [0x00000000ec780000,0x00000000ec780000,0x00000000ec900000)
 ParOldGen       total 68608K, used 12825K [0x00000000c0000000, 0x00000000c4300000, 0x00000000eab00000)
  object space 68608K, 18% used [0x00000000c0000000,0x00000000c0c86598,0x00000000c4300000)
 Metaspace       used 26400K, committed 27392K, reserved 1114112K
  class space    used 2525K, committed 2944K, reserved 1048576K
}
Event: 19.484 GC heap before
{Heap before GC invocations=11 (full 1):
 PSYoungGen      total 26112K, used 24735K [0x00000000eab00000, 0x00000000ec900000, 0x0000000100000000)
  eden space 23552K, 100% used [0x00000000eab00000,0x00000000ec200000,0x00000000ec200000)
  from space 2560K, 46% used [0x00000000ec480000,0x00000000ec5a7fa0,0x00000000ec700000)
  to   space 1536K, 0% used [0x00000000ec780000,0x00000000ec780000,0x00000000ec900000)
 ParOldGen       total 68608K, used 12825K [0x00000000c0000000, 0x00000000c4300000, 0x00000000eab00000)
  object space 68608K, 18% used [0x00000000c0000000,0x00000000c0c86598,0x00000000c4300000)
 Metaspace       used 28003K, committed 28992K, reserved 1114112K
  class space    used 2644K, committed 3072K, reserved 1048576K
}
Event: 19.487 GC heap after
{Heap after GC invocations=11 (full 1):
 PSYoungGen      total 24576K, used 1526K [0x00000000eab00000, 0x00000000ec980000, 0x0000000100000000)
  eden space 23040K, 0% used [0x00000000eab00000,0x00000000eab00000,0x00000000ec180000)
  from space 1536K, 99% used [0x00000000ec780000,0x00000000ec8fda10,0x00000000ec900000)
  to   space 4096K, 0% used [0x00000000ec180000,0x00000000ec180000,0x00000000ec580000)
 ParOldGen       total 68608K, used 14571K [0x00000000c0000000, 0x00000000c4300000, 0x00000000eab00000)
  object space 68608K, 21% used [0x00000000c0000000,0x00000000c0e3afa8,0x00000000c4300000)
 Metaspace       used 28003K, committed 28992K, reserved 1114112K
  class space    used 2644K, committed 3072K, reserved 1048576K
}
Event: 20.028 GC heap before
{Heap before GC invocations=12 (full 1):
 PSYoungGen      total 24576K, used 24566K [0x00000000eab00000, 0x00000000ec980000, 0x0000000100000000)
  eden space 23040K, 99% used [0x00000000eab00000,0x00000000ec17ffe0,0x00000000ec180000)
  from space 1536K, 99% used [0x00000000ec780000,0x00000000ec8fda10,0x00000000ec900000)
  to   space 4096K, 0% used [0x00000000ec180000,0x00000000ec180000,0x00000000ec580000)
 ParOldGen       total 68608K, used 14571K [0x00000000c0000000, 0x00000000c4300000, 0x00000000eab00000)
  object space 68608K, 21% used [0x00000000c0000000,0x00000000c0e3afa8,0x00000000c4300000)
 Metaspace       used 31554K, committed 32640K, reserved 1114112K
  class space    used 3072K, committed 3520K, reserved 1048576K
}
Event: 20.031 GC heap after
{Heap after GC invocations=12 (full 1):
 PSYoungGen      total 26624K, used 1465K [0x00000000eab00000, 0x00000000ec800000, 0x0000000100000000)
  eden space 22528K, 0% used [0x00000000eab00000,0x00000000eab00000,0x00000000ec100000)
  from space 4096K, 35% used [0x00000000ec180000,0x00000000ec2ee480,0x00000000ec580000)
  to   space 2560K, 0% used [0x00000000ec580000,0x00000000ec580000,0x00000000ec800000)
 ParOldGen       total 68608K, used 15925K [0x00000000c0000000, 0x00000000c4300000, 0x00000000eab00000)
  object space 68608K, 23% used [0x00000000c0000000,0x00000000c0f8d570,0x00000000c4300000)
 Metaspace       used 31554K, committed 32640K, reserved 1114112K
  class space    used 3072K, committed 3520K, reserved 1048576K
}
Event: 20.333 GC heap before
{Heap before GC invocations=13 (full 1):
 PSYoungGen      total 26624K, used 23993K [0x00000000eab00000, 0x00000000ec800000, 0x0000000100000000)
  eden space 22528K, 100% used [0x00000000eab00000,0x00000000ec100000,0x00000000ec100000)
  from space 4096K, 35% used [0x00000000ec180000,0x00000000ec2ee480,0x00000000ec580000)
  to   space 2560K, 0% used [0x00000000ec580000,0x00000000ec580000,0x00000000ec800000)
 ParOldGen       total 68608K, used 15925K [0x00000000c0000000, 0x00000000c4300000, 0x00000000eab00000)
  object space 68608K, 23% used [0x00000000c0000000,0x00000000c0f8d570,0x00000000c4300000)
 Metaspace       used 34373K, committed 35520K, reserved 1114112K
  class space    used 3420K, committed 3904K, reserved 1048576K
}
Event: 20.339 GC heap after
{Heap after GC invocations=13 (full 1):
 PSYoungGen      total 24064K, used 1924K [0x00000000eab00000, 0x00000000ec780000, 0x0000000100000000)
  eden space 22016K, 0% used [0x00000000eab00000,0x00000000eab00000,0x00000000ec080000)
  from space 2048K, 93% used [0x00000000ec580000,0x00000000ec761130,0x00000000ec780000)
  to   space 2048K, 0% used [0x00000000ec380000,0x00000000ec380000,0x00000000ec580000)
 ParOldGen       total 68608K, used 17126K [0x00000000c0000000, 0x00000000c4300000, 0x00000000eab00000)
  object space 68608K, 24% used [0x00000000c0000000,0x00000000c10b9aa0,0x00000000c4300000)
 Metaspace       used 34373K, committed 35520K, reserved 1114112K
  class space    used 3420K, committed 3904K, reserved 1048576K
}
Event: 20.399 GC heap before
{Heap before GC invocations=14 (full 1):
 PSYoungGen      total 24064K, used 5158K [0x00000000eab00000, 0x00000000ec780000, 0x0000000100000000)
  eden space 22016K, 14% used [0x00000000eab00000,0x00000000eae28788,0x00000000ec080000)
  from space 2048K, 93% used [0x00000000ec580000,0x00000000ec761130,0x00000000ec780000)
  to   space 2048K, 0% used [0x00000000ec380000,0x00000000ec380000,0x00000000ec580000)
 ParOldGen       total 68608K, used 17126K [0x00000000c0000000, 0x00000000c4300000, 0x00000000eab00000)
  object space 68608K, 24% used [0x00000000c0000000,0x00000000c10b9aa0,0x00000000c4300000)
 Metaspace       used 34723K, committed 35840K, reserved 1114112K
  class space    used 3458K, committed 3904K, reserved 1048576K
}
Event: 20.402 GC heap after
{Heap after GC invocations=14 (full 1):
 PSYoungGen      total 22528K, used 416K [0x00000000eab00000, 0x00000000ec600000, 0x0000000100000000)
  eden space 22016K, 0% used [0x00000000eab00000,0x00000000eab00000,0x00000000ec080000)
  from space 512K, 81% used [0x00000000ec380000,0x00000000ec3e8020,0x00000000ec400000)
  to   space 1024K, 0% used [0x00000000ec500000,0x00000000ec500000,0x00000000ec600000)
 ParOldGen       total 68608K, used 18747K [0x00000000c0000000, 0x00000000c4300000, 0x00000000eab00000)
  object space 68608K, 27% used [0x00000000c0000000,0x00000000c124eeb8,0x00000000c4300000)
 Metaspace       used 34723K, committed 35840K, reserved 1114112K
  class space    used 3458K, committed 3904K, reserved 1048576K
}
Event: 20.402 GC heap before
{Heap before GC invocations=15 (full 2):
 PSYoungGen      total 22528K, used 416K [0x00000000eab00000, 0x00000000ec600000, 0x0000000100000000)
  eden space 22016K, 0% used [0x00000000eab00000,0x00000000eab00000,0x00000000ec080000)
  from space 512K, 81% used [0x00000000ec380000,0x00000000ec3e8020,0x00000000ec400000)
  to   space 1024K, 0% used [0x00000000ec500000,0x00000000ec500000,0x00000000ec600000)
 ParOldGen       total 68608K, used 18747K [0x00000000c0000000, 0x00000000c4300000, 0x00000000eab00000)
  object space 68608K, 27% used [0x00000000c0000000,0x00000000c124eeb8,0x00000000c4300000)
 Metaspace       used 34723K, committed 35840K, reserved 1114112K
  class space    used 3458K, committed 3904K, reserved 1048576K
}
Event: 20.441 GC heap after
{Heap after GC invocations=15 (full 2):
 PSYoungGen      total 22528K, used 0K [0x00000000eab00000, 0x00000000ec600000, 0x0000000100000000)
  eden space 22016K, 0% used [0x00000000eab00000,0x00000000eab00000,0x00000000ec080000)
  from space 512K, 0% used [0x00000000ec380000,0x00000000ec380000,0x00000000ec400000)
  to   space 1024K, 0% used [0x00000000ec500000,0x00000000ec500000,0x00000000ec600000)
 ParOldGen       total 68608K, used 18198K [0x00000000c0000000, 0x00000000c4300000, 0x00000000eab00000)
  object space 68608K, 26% used [0x00000000c0000000,0x00000000c11c5b98,0x00000000c4300000)
 Metaspace       used 34723K, committed 35840K, reserved 1114112K
  class space    used 3458K, committed 3904K, reserved 1048576K
}
Event: 21.138 GC heap before
{Heap before GC invocations=16 (full 2):
 PSYoungGen      total 22528K, used 22016K [0x00000000eab00000, 0x00000000ec600000, 0x0000000100000000)
  eden space 22016K, 100% used [0x00000000eab00000,0x00000000ec080000,0x00000000ec080000)
  from space 512K, 0% used [0x00000000ec380000,0x00000000ec380000,0x00000000ec400000)
  to   space 1024K, 0% used [0x00000000ec500000,0x00000000ec500000,0x00000000ec600000)
 ParOldGen       total 68608K, used 18198K [0x00000000c0000000, 0x00000000c4300000, 0x00000000eab00000)
  object space 68608K, 26% used [0x00000000c0000000,0x00000000c11c5b98,0x00000000c4300000)
 Metaspace       used 36352K, committed 37504K, reserved 1114112K
  class space    used 3672K, committed 4160K, reserved 1048576K
}
Event: 21.142 GC heap after
{Heap after GC invocations=16 (full 2):
 PSYoungGen      total 23040K, used 1024K [0x00000000eab00000, 0x00000000ec600000, 0x0000000100000000)
  eden space 22016K, 0% used [0x00000000eab00000,0x00000000eab00000,0x00000000ec080000)
  from space 1024K, 100% used [0x00000000ec500000,0x00000000ec600000,0x00000000ec600000)
  to   space 2560K, 0% used [0x00000000ec100000,0x00000000ec100000,0x00000000ec380000)
 ParOldGen       total 68608K, used 19074K [0x00000000c0000000, 0x00000000c4300000, 0x00000000eab00000)
  object space 68608K, 27% used [0x00000000c0000000,0x00000000c12a0998,0x00000000c4300000)
 Metaspace       used 36352K, committed 37504K, reserved 1114112K
  class space    used 3672K, committed 4160K, reserved 1048576K
}
Event: 23.825 GC heap before
{Heap before GC invocations=17 (full 2):
 PSYoungGen      total 23040K, used 23040K [0x00000000eab00000, 0x00000000ec600000, 0x0000000100000000)
  eden space 22016K, 100% used [0x00000000eab00000,0x00000000ec080000,0x00000000ec080000)
  from space 1024K, 100% used [0x00000000ec500000,0x00000000ec600000,0x00000000ec600000)
  to   space 2560K, 0% used [0x00000000ec100000,0x00000000ec100000,0x00000000ec380000)
 ParOldGen       total 68608K, used 19074K [0x00000000c0000000, 0x00000000c4300000, 0x00000000eab00000)
  object space 68608K, 27% used [0x00000000c0000000,0x00000000c12a0998,0x00000000c4300000)
 Metaspace       used 38310K, committed 39552K, reserved 1114112K
  class space    used 3897K, committed 4480K, reserved 1048576K
}
Event: 23.831 GC heap after
{Heap after GC invocations=17 (full 2):
 PSYoungGen      total 24576K, used 1709K [0x00000000eab00000, 0x00000000ec580000, 0x0000000100000000)
  eden space 22016K, 0% used [0x00000000eab00000,0x00000000eab00000,0x00000000ec080000)
  from space 2560K, 66% used [0x00000000ec100000,0x00000000ec2ab510,0x00000000ec380000)
  to   space 2048K, 0% used [0x00000000ec380000,0x00000000ec380000,0x00000000ec580000)
 ParOldGen       total 68608K, used 20099K [0x00000000c0000000, 0x00000000c4300000, 0x00000000eab00000)
  object space 68608K, 29% used [0x00000000c0000000,0x00000000c13a0f40,0x00000000c4300000)
 Metaspace       used 38310K, committed 39552K, reserved 1114112K
  class space    used 3897K, committed 4480K, reserved 1048576K
}
Event: 24.206 GC heap before
{Heap before GC invocations=18 (full 2):
 PSYoungGen      total 24576K, used 23725K [0x00000000eab00000, 0x00000000ec580000, 0x0000000100000000)
  eden space 22016K, 100% used [0x00000000eab00000,0x00000000ec080000,0x00000000ec080000)
  from space 2560K, 66% used [0x00000000ec100000,0x00000000ec2ab510,0x00000000ec380000)
  to   space 2048K, 0% used [0x00000000ec380000,0x00000000ec380000,0x00000000ec580000)
 ParOldGen       total 68608K, used 20099K [0x00000000c0000000, 0x00000000c4300000, 0x00000000eab00000)
  object space 68608K, 29% used [0x00000000c0000000,0x00000000c13a0f40,0x00000000c4300000)
 Metaspace       used 39550K, committed 40832K, reserved 1114112K
  class space    used 4015K, committed 4608K, reserved 1048576K
}
Event: 24.211 GC heap after
{Heap after GC invocations=18 (full 2):
 PSYoungGen      total 23040K, used 2024K [0x00000000eab00000, 0x00000000ec880000, 0x0000000100000000)
  eden space 20992K, 0% used [0x00000000eab00000,0x00000000eab00000,0x00000000ebf80000)
  from space 2048K, 98% used [0x00000000ec380000,0x00000000ec57a230,0x00000000ec580000)
  to   space 4096K, 0% used [0x00000000ebf80000,0x00000000ebf80000,0x00000000ec380000)
 ParOldGen       total 68608K, used 21790K [0x00000000c0000000, 0x00000000c4300000, 0x00000000eab00000)
  object space 68608K, 31% used [0x00000000c0000000,0x00000000c1547a98,0x00000000c4300000)
 Metaspace       used 39550K, committed 40832K, reserved 1114112K
  class space    used 4015K, committed 4608K, reserved 1048576K
}
Event: 24.313 GC heap before
{Heap before GC invocations=19 (full 2):
 PSYoungGen      total 23040K, used 23016K [0x00000000eab00000, 0x00000000ec880000, 0x0000000100000000)
  eden space 20992K, 100% used [0x00000000eab00000,0x00000000ebf80000,0x00000000ebf80000)
  from space 2048K, 98% used [0x00000000ec380000,0x00000000ec57a230,0x00000000ec580000)
  to   space 4096K, 0% used [0x00000000ebf80000,0x00000000ebf80000,0x00000000ec380000)
 ParOldGen       total 68608K, used 21790K [0x00000000c0000000, 0x00000000c4300000, 0x00000000eab00000)
  object space 68608K, 31% used [0x00000000c0000000,0x00000000c1547a98,0x00000000c4300000)
 Metaspace       used 39755K, committed 41024K, reserved 1114112K
  class space    used 4048K, committed 4608K, reserved 1048576K
}

