# JRE version: OpenJDK Runtime Environment Temurin-21.0.6+7 (21.0.6+7) (build 21.0.6+7-LTS)
# Java VM: OpenJDK 64-Bit Server VM Temurin-21.0.6+7 (21.0.6+7-LTS, mixed mode, sharing, tiered, compressed oops, compressed class ptrs, parallel gc, windows-amd64)
GC Precious Log:
 CardTable entry size: 512
 CPUs: 16 total, 16 available
 Memory: 16068M
 Large Page Support: Disabled
 NUMA Support: Disabled
 Compressed Oops: Enabled (32-bit)
 Alignments: Space 512K, Generation 512K, Heap 2M
 Heap Min Capacity: 100M
 Heap Initial Capacity: 100M
 Heap Max Capacity: 1G
 Pre-touch: Disabled
 Parallel Workers: 13
Heap:
 PSYoungGen      total 6656K, used 2980K [0x00000000eab00000, 0x00000000eba00000, 0x0000000100000000)
  eden space 4096K, 10% used [0x00000000eab00000,0x00000000eab69030,0x00000000eaf00000)
  from space 2560K, 100% used [0x00000000eaf00000,0x00000000eb180000,0x00000000eb180000)
  to   space 5632K, 0% used [0x00000000eb480000,0x00000000eb480000,0x00000000eba00000)
 ParOldGen       total 446464K, used 446322K [0x00000000c0000000, 0x00000000db400000, 0x00000000eab00000)
  object space 446464K, 99% used [0x00000000c0000000,0x00000000db3dcac8,0x00000000db400000)
 Metaspace       used 62377K, committed 63872K, reserved 1114112K
  class space    used 6357K, committed 7040K, reserved 1048576K
GC Heap History (20 events):
Event: 80.312 GC heap before
{Heap before GC invocations=975 (full 3):
 PSYoungGen      total 1536K, used 1221K [0x00000000eab00000, 0x00000000eb100000, 0x0000000100000000)
  eden space 512K, 100% used [0x00000000eab00000,0x00000000eab80000,0x00000000eab80000)
  from space 1024K, 69% used [0x00000000eab80000,0x00000000eac31690,0x00000000eac80000)
  to   space 2560K, 0% used [0x00000000eae80000,0x00000000eae80000,0x00000000eb100000)
 ParOldGen       total 435200K, used 434874K [0x00000000c0000000, 0x00000000da900000, 0x00000000eab00000)
  object space 435200K, 99% used [0x00000000c0000000,0x00000000da8aea50,0x00000000da900000)
 Metaspace       used 62101K, committed 63552K, reserved 1114112K
  class space    used 6323K, committed 6976K, reserved 1048576K
}
Event: 80.315 GC heap after
{Heap after GC invocations=975 (full 3):
 PSYoungGen      total 2048K, used 736K [0x00000000eab00000, 0x00000000eaf80000, 0x0000000100000000)
  eden space 1024K, 0% used [0x00000000eab00000,0x00000000eab00000,0x00000000eac00000)
  from space 1024K, 71% used [0x00000000eae80000,0x00000000eaf38000,0x00000000eaf80000)
  to   space 1024K, 0% used [0x00000000ead80000,0x00000000ead80000,0x00000000eae80000)
 ParOldGen       total 435712K, used 435424K [0x00000000c0000000, 0x00000000da980000, 0x00000000eab00000)
  object space 435712K, 99% used [0x00000000c0000000,0x00000000da9380e0,0x00000000da980000)
 Metaspace       used 62101K, committed 63552K, reserved 1114112K
  class space    used 6323K, committed 6976K, reserved 1048576K
}
Event: 80.323 GC heap before
{Heap before GC invocations=976 (full 3):
 PSYoungGen      total 2048K, used 1760K [0x00000000eab00000, 0x00000000eaf80000, 0x0000000100000000)
  eden space 1024K, 100% used [0x00000000eab00000,0x00000000eac00000,0x00000000eac00000)
  from space 1024K, 71% used [0x00000000eae80000,0x00000000eaf38000,0x00000000eaf80000)
  to   space 1024K, 0% used [0x00000000ead80000,0x00000000ead80000,0x00000000eae80000)
 ParOldGen       total 435712K, used 435424K [0x00000000c0000000, 0x00000000da980000, 0x00000000eab00000)
  object space 435712K, 99% used [0x00000000c0000000,0x00000000da9380e0,0x00000000da980000)
 Metaspace       used 62101K, committed 63552K, reserved 1114112K
  class space    used 6323K, committed 6976K, reserved 1048576K
}
Event: 80.326 GC heap after
{Heap after GC invocations=976 (full 3):
 PSYoungGen      total 2560K, used 1005K [0x00000000eab00000, 0x00000000eb080000, 0x0000000100000000)
  eden space 1536K, 0% used [0x00000000eab00000,0x00000000eab00000,0x00000000eac80000)
  from space 1024K, 98% used [0x00000000ead80000,0x00000000eae7b408,0x00000000eae80000)
  to   space 2048K, 0% used [0x00000000eae80000,0x00000000eae80000,0x00000000eb080000)
 ParOldGen       total 436224K, used 436096K [0x00000000c0000000, 0x00000000daa00000, 0x00000000eab00000)
  object space 436224K, 99% used [0x00000000c0000000,0x00000000da9e00e0,0x00000000daa00000)
 Metaspace       used 62101K, committed 63552K, reserved 1114112K
  class space    used 6323K, committed 6976K, reserved 1048576K
}
Event: 80.341 GC heap before
{Heap before GC invocations=977 (full 3):
 PSYoungGen      total 2560K, used 2541K [0x00000000eab00000, 0x00000000eb080000, 0x0000000100000000)
  eden space 1536K, 100% used [0x00000000eab00000,0x00000000eac80000,0x00000000eac80000)
  from space 1024K, 98% used [0x00000000ead80000,0x00000000eae7b408,0x00000000eae80000)
  to   space 2048K, 0% used [0x00000000eae80000,0x00000000eae80000,0x00000000eb080000)
 ParOldGen       total 436224K, used 436096K [0x00000000c0000000, 0x00000000daa00000, 0x00000000eab00000)
  object space 436224K, 99% used [0x00000000c0000000,0x00000000da9e00e0,0x00000000daa00000)
 Metaspace       used 62101K, committed 63552K, reserved 1114112K
  class space    used 6323K, committed 6976K, reserved 1048576K
}
Event: 80.343 GC heap after
{Heap after GC invocations=977 (full 3):
 PSYoungGen      total 3584K, used 1728K [0x00000000eab00000, 0x00000000eb100000, 0x0000000100000000)
  eden space 1536K, 0% used [0x00000000eab00000,0x00000000eab00000,0x00000000eac80000)
  from space 2048K, 84% used [0x00000000eae80000,0x00000000eb030000,0x00000000eb080000)
  to   space 2048K, 0% used [0x00000000eac80000,0x00000000eac80000,0x00000000eae80000)
 ParOldGen       total 437248K, used 436981K [0x00000000c0000000, 0x00000000dab00000, 0x00000000eab00000)
  object space 437248K, 99% used [0x00000000c0000000,0x00000000daabd4e8,0x00000000dab00000)
 Metaspace       used 62101K, committed 63552K, reserved 1114112K
  class space    used 6323K, committed 6976K, reserved 1048576K
}
Event: 80.359 GC heap before
{Heap before GC invocations=978 (full 3):
 PSYoungGen      total 3584K, used 3264K [0x00000000eab00000, 0x00000000eb100000, 0x0000000100000000)
  eden space 1536K, 100% used [0x00000000eab00000,0x00000000eac80000,0x00000000eac80000)
  from space 2048K, 84% used [0x00000000eae80000,0x00000000eb030000,0x00000000eb080000)
  to   space 2048K, 0% used [0x00000000eac80000,0x00000000eac80000,0x00000000eae80000)
 ParOldGen       total 437248K, used 436981K [0x00000000c0000000, 0x00000000dab00000, 0x00000000eab00000)
  object space 437248K, 99% used [0x00000000c0000000,0x00000000daabd4e8,0x00000000dab00000)
 Metaspace       used 62101K, committed 63552K, reserved 1114112K
  class space    used 6323K, committed 6976K, reserved 1048576K
}
Event: 80.362 GC heap after
{Heap after GC invocations=978 (full 3):
 PSYoungGen      total 3584K, used 1727K [0x00000000eab00000, 0x00000000eb100000, 0x0000000100000000)
  eden space 1536K, 0% used [0x00000000eab00000,0x00000000eab00000,0x00000000eac80000)
  from space 2048K, 84% used [0x00000000eac80000,0x00000000eae2ff38,0x00000000eae80000)
  to   space 2048K, 0% used [0x00000000eaf00000,0x00000000eaf00000,0x00000000eb100000)
 ParOldGen       total 438784K, used 438549K [0x00000000c0000000, 0x00000000dac80000, 0x00000000eab00000)
  object space 438784K, 99% used [0x00000000c0000000,0x00000000dac454e8,0x00000000dac80000)
 Metaspace       used 62101K, committed 63552K, reserved 1114112K
  class space    used 6323K, committed 6976K, reserved 1048576K
}
Event: 80.365 GC heap before
{Heap before GC invocations=979 (full 3):
 PSYoungGen      total 3584K, used 3263K [0x00000000eab00000, 0x00000000eb100000, 0x0000000100000000)
  eden space 1536K, 100% used [0x00000000eab00000,0x00000000eac80000,0x00000000eac80000)
  from space 2048K, 84% used [0x00000000eac80000,0x00000000eae2ff38,0x00000000eae80000)
  to   space 2048K, 0% used [0x00000000eaf00000,0x00000000eaf00000,0x00000000eb100000)
 ParOldGen       total 438784K, used 438549K [0x00000000c0000000, 0x00000000dac80000, 0x00000000eab00000)
  object space 438784K, 99% used [0x00000000c0000000,0x00000000dac454e8,0x00000000dac80000)
 Metaspace       used 62101K, committed 63552K, reserved 1114112K
  class space    used 6323K, committed 6976K, reserved 1048576K
}
Event: 80.369 GC heap after
{Heap after GC invocations=979 (full 3):
 PSYoungGen      total 4096K, used 1718K [0x00000000eab00000, 0x00000000eb100000, 0x0000000100000000)
  eden space 2048K, 0% used [0x00000000eab00000,0x00000000eab00000,0x00000000ead00000)
  from space 2048K, 83% used [0x00000000eaf00000,0x00000000eb0ad9f8,0x00000000eb100000)
  to   space 2048K, 0% used [0x00000000ead00000,0x00000000ead00000,0x00000000eaf00000)
 ParOldGen       total 440320K, used 439845K [0x00000000c0000000, 0x00000000dae00000, 0x00000000eab00000)
  object space 440320K, 99% used [0x00000000c0000000,0x00000000dad895f8,0x00000000dae00000)
 Metaspace       used 62101K, committed 63552K, reserved 1114112K
  class space    used 6323K, committed 6976K, reserved 1048576K
}
Event: 80.404 GC heap before
{Heap before GC invocations=980 (full 3):
 PSYoungGen      total 4096K, used 3766K [0x00000000eab00000, 0x00000000eb100000, 0x0000000100000000)
  eden space 2048K, 99% used [0x00000000eab00000,0x00000000eacffff8,0x00000000ead00000)
  from space 2048K, 83% used [0x00000000eaf00000,0x00000000eb0ad9f8,0x00000000eb100000)
  to   space 2048K, 0% used [0x00000000ead00000,0x00000000ead00000,0x00000000eaf00000)
 ParOldGen       total 440320K, used 439845K [0x00000000c0000000, 0x00000000dae00000, 0x00000000eab00000)
  object space 440320K, 99% used [0x00000000c0000000,0x00000000dad895f8,0x00000000dae00000)
 Metaspace       used 62113K, committed 63552K, reserved 1114112K
  class space    used 6326K, committed 6976K, reserved 1048576K
}
Event: 80.408 GC heap after
{Heap after GC invocations=980 (full 3):
 PSYoungGen      total 4096K, used 816K [0x00000000eab00000, 0x00000000eb080000, 0x0000000100000000)
  eden space 2048K, 0% used [0x00000000eab00000,0x00000000eab00000,0x00000000ead00000)
  from space 2048K, 39% used [0x00000000ead00000,0x00000000eadcc010,0x00000000eaf00000)
  to   space 1536K, 0% used [0x00000000eaf00000,0x00000000eaf00000,0x00000000eb080000)
 ParOldGen       total 440832K, used 440603K [0x00000000c0000000, 0x00000000dae80000, 0x00000000eab00000)
  object space 440832K, 99% used [0x00000000c0000000,0x00000000dae46f38,0x00000000dae80000)
 Metaspace       used 62113K, committed 63552K, reserved 1114112K
  class space    used 6326K, committed 6976K, reserved 1048576K
}
Event: 80.424 GC heap before
{Heap before GC invocations=981 (full 3):
 PSYoungGen      total 4096K, used 2864K [0x00000000eab00000, 0x00000000eb080000, 0x0000000100000000)
  eden space 2048K, 100% used [0x00000000eab00000,0x00000000ead00000,0x00000000ead00000)
  from space 2048K, 39% used [0x00000000ead00000,0x00000000eadcc010,0x00000000eaf00000)
  to   space 1536K, 0% used [0x00000000eaf00000,0x00000000eaf00000,0x00000000eb080000)
 ParOldGen       total 440832K, used 440603K [0x00000000c0000000, 0x00000000dae80000, 0x00000000eab00000)
  object space 440832K, 99% used [0x00000000c0000000,0x00000000dae46f38,0x00000000dae80000)
 Metaspace       used 62194K, committed 63616K, reserved 1114112K
  class space    used 6338K, committed 6976K, reserved 1048576K
}
Event: 80.428 GC heap after
{Heap after GC invocations=981 (full 3):
 PSYoungGen      total 4096K, used 1246K [0x00000000eab00000, 0x00000000eb080000, 0x0000000100000000)
  eden space 2560K, 0% used [0x00000000eab00000,0x00000000eab00000,0x00000000ead80000)
  from space 1536K, 81% used [0x00000000eaf00000,0x00000000eb037960,0x00000000eb080000)
  to   space 1536K, 0% used [0x00000000ead80000,0x00000000ead80000,0x00000000eaf00000)
 ParOldGen       total 441344K, used 441139K [0x00000000c0000000, 0x00000000daf00000, 0x00000000eab00000)
  object space 441344K, 99% used [0x00000000c0000000,0x00000000daeccf48,0x00000000daf00000)
 Metaspace       used 62194K, committed 63616K, reserved 1114112K
  class space    used 6338K, committed 6976K, reserved 1048576K
}
Event: 80.458 GC heap before
{Heap before GC invocations=982 (full 3):
 PSYoungGen      total 4096K, used 3806K [0x00000000eab00000, 0x00000000eb080000, 0x0000000100000000)
  eden space 2560K, 100% used [0x00000000eab00000,0x00000000ead80000,0x00000000ead80000)
  from space 1536K, 81% used [0x00000000eaf00000,0x00000000eb037960,0x00000000eb080000)
  to   space 1536K, 0% used [0x00000000ead80000,0x00000000ead80000,0x00000000eaf00000)
 ParOldGen       total 441344K, used 441139K [0x00000000c0000000, 0x00000000daf00000, 0x00000000eab00000)
  object space 441344K, 99% used [0x00000000c0000000,0x00000000daeccf48,0x00000000daf00000)
 Metaspace       used 62289K, committed 63808K, reserved 1114112K
  class space    used 6344K, committed 7040K, reserved 1048576K
}
Event: 80.460 GC heap after
{Heap after GC invocations=982 (full 3):
 PSYoungGen      total 4096K, used 1536K [0x00000000eab00000, 0x00000000eb500000, 0x0000000100000000)
  eden space 2560K, 0% used [0x00000000eab00000,0x00000000eab00000,0x00000000ead80000)
  from space 1536K, 100% used [0x00000000ead80000,0x00000000eaf00000,0x00000000eaf00000)
  to   space 3584K, 0% used [0x00000000eb180000,0x00000000eb180000,0x00000000eb500000)
 ParOldGen       total 442880K, used 442459K [0x00000000c0000000, 0x00000000db080000, 0x00000000eab00000)
  object space 442880K, 99% used [0x00000000c0000000,0x00000000db016c68,0x00000000db080000)
 Metaspace       used 62289K, committed 63808K, reserved 1114112K
  class space    used 6344K, committed 7040K, reserved 1048576K
}
Event: 80.465 GC heap before
{Heap before GC invocations=983 (full 3):
 PSYoungGen      total 4096K, used 4096K [0x00000000eab00000, 0x00000000eb500000, 0x0000000100000000)
  eden space 2560K, 100% used [0x00000000eab00000,0x00000000ead80000,0x00000000ead80000)
  from space 1536K, 100% used [0x00000000ead80000,0x00000000eaf00000,0x00000000eaf00000)
  to   space 3584K, 0% used [0x00000000eb180000,0x00000000eb180000,0x00000000eb500000)
 ParOldGen       total 442880K, used 442459K [0x00000000c0000000, 0x00000000db080000, 0x00000000eab00000)
  object space 442880K, 99% used [0x00000000c0000000,0x00000000db016c68,0x00000000db080000)
 Metaspace       used 62316K, committed 63808K, reserved 1114112K
  class space    used 6347K, committed 7040K, reserved 1048576K
}
Event: 80.467 GC heap after
{Heap after GC invocations=983 (full 3):
 PSYoungGen      total 5632K, used 2385K [0x00000000eab00000, 0x00000000eb400000, 0x0000000100000000)
  eden space 3072K, 0% used [0x00000000eab00000,0x00000000eab00000,0x00000000eae00000)
  from space 2560K, 93% used [0x00000000eb180000,0x00000000eb3d4710,0x00000000eb400000)
  to   space 2560K, 0% used [0x00000000eaf00000,0x00000000eaf00000,0x00000000eb180000)
 ParOldGen       total 444416K, used 444005K [0x00000000c0000000, 0x00000000db200000, 0x00000000eab00000)
  object space 444416K, 99% used [0x00000000c0000000,0x00000000db199418,0x00000000db200000)
 Metaspace       used 62316K, committed 63808K, reserved 1114112K
  class space    used 6347K, committed 7040K, reserved 1048576K
}
Event: 80.486 GC heap before
{Heap before GC invocations=984 (full 3):
 PSYoungGen      total 5632K, used 5457K [0x00000000eab00000, 0x00000000eb400000, 0x0000000100000000)
  eden space 3072K, 100% used [0x00000000eab00000,0x00000000eae00000,0x00000000eae00000)
  from space 2560K, 93% used [0x00000000eb180000,0x00000000eb3d4710,0x00000000eb400000)
  to   space 2560K, 0% used [0x00000000eaf00000,0x00000000eaf00000,0x00000000eb180000)
 ParOldGen       total 444416K, used 444005K [0x00000000c0000000, 0x00000000db200000, 0x00000000eab00000)
  object space 444416K, 99% used [0x00000000c0000000,0x00000000db199418,0x00000000db200000)
 Metaspace       used 62343K, committed 63808K, reserved 1114112K
  class space    used 6356K, committed 7040K, reserved 1048576K
}
Event: 80.564 GC heap after
{Heap after GC invocations=984 (full 3):
 PSYoungGen      total 6656K, used 2560K [0x00000000eab00000, 0x00000000eba00000, 0x0000000100000000)
  eden space 4096K, 0% used [0x00000000eab00000,0x00000000eab00000,0x00000000eaf00000)
  from space 2560K, 100% used [0x00000000eaf00000,0x00000000eb180000,0x00000000eb180000)
  to   space 5632K, 0% used [0x00000000eb480000,0x00000000eb480000,0x00000000eba00000)
 ParOldGen       total 446464K, used 446322K [0x00000000c0000000, 0x00000000db400000, 0x00000000eab00000)
  object space 446464K, 99% used [0x00000000c0000000,0x00000000db3dcac8,0x00000000db400000)
 Metaspace       used 62343K, committed 63808K, reserved 1114112K
  class space    used 6356K, committed 7040K, reserved 1048576K
}

